<?xml version="1.0" encoding="UTF-8"?>
<!-- Generated by org.testng.reporters.JUnitReportReporter -->
<testsuite hostname="SuniJackDesktop" failures="0" tests="1" name="com.support.test.SupportFormTest" time="49.854" errors="0" timestamp="2020-03-05T02:26:42 IST" skipped="0">
  <testcase classname="com.support.test.SupportFormTest" name="supportFormTestExcel" time="49.854"/>
  <system-out/>
</testsuite> <!-- com.support.test.SupportFormTest -->
