<?xml version="1.0" encoding="UTF-8"?>
<!-- Generated by org.testng.reporters.JUnitReportReporter -->
<testsuite hostname="SuniJackDesktop" failures="0" tests="2" name="com.support.test.SupportFormTest" time="75.627" errors="0" timestamp="2020-03-07T14:14:44 IST" skipped="0">
  <testcase classname="com.support.test.SupportFormTest" name="checkURL" time="18.074"/>
  <system-out/>
  <testcase classname="com.support.test.SupportFormTest" name="supportFormTestExcel" time="57.553"/>
  <system-out/>
</testsuite> <!-- com.support.test.SupportFormTest -->
